<?xml version="1.0" encoding="UTF-8"?>
<!-- Generated by org.testng.reporters.JUnitReportReporter -->
<testsuite hostname="DESKTOP-2A41HHM" failures="0" tests="1" name="pages.IndexPage" time="12.334" errors="0" timestamp="2024-07-02T09:08:33 IST" skipped="0">
  <testcase classname="pages.IndexPage" name="getLaunchUrl" time="12.334"/>
</testsuite> <!-- pages.IndexPage -->
